# JRE version: Java(TM) SE Runtime Environment (8.0_45-b14) (build 1.8.0_45-b14)
# Java VM: Java HotSpot(TM) 64-Bit Server VM (25.45-b02 mixed mode bsd-amd64 compressed oops)
Heap:
 PSYoungGen      total 79360K, used 43609K [0x0000000795580000, 0x000000079af80000, 0x00000007c0000000)
  eden space 66560K, 65% used [0x0000000795580000,0x00000007980166c0,0x0000000799680000)
  from space 12800K, 0% used [0x000000079a300000,0x000000079a300000,0x000000079af80000)
  to   space 12800K, 0% used [0x0000000799680000,0x0000000799680000,0x000000079a300000)
 ParOldGen       total 71168K, used 15167K [0x0000000740000000, 0x0000000744580000, 0x0000000795580000)
  object space 71168K, 21% used [0x0000000740000000,0x0000000740ecff58,0x0000000744580000)
 Metaspace       used 25234K, capacity 25728K, committed 25984K, reserved 1073152K
  class space    used 3018K, capacity 3170K, committed 3200K, reserved 1048576K
GC Heap History (10 events):
Event: 3.042 GC heap before
{Heap before GC invocations=3 (full 0):
 PSYoungGen      total 38400K, used 38396K [0x0000000795580000, 0x000000079a080000, 0x00000007c0000000)
  eden space 33280K, 100% used [0x0000000795580000,0x0000000797600000,0x0000000797600000)
  from space 5120K, 99% used [0x0000000797b00000,0x0000000797fff3b8,0x0000000798000000)
  to   space 5120K, 0% used [0x0000000797600000,0x0000000797600000,0x0000000797b00000)
 ParOldGen       total 87552K, used 2684K [0x0000000740000000, 0x0000000745580000, 0x0000000795580000)
  object space 87552K, 3% used [0x0000000740000000,0x000000074029f2a0,0x0000000745580000)
 Metaspace       used 14977K, capacity 15192K, committed 15360K, reserved 1062912K
  class space    used 1835K, capacity 1940K, committed 2048K, reserved 1048576K
Event: 3.053 GC heap after
Heap after GC invocations=3 (full 0):
 PSYoungGen      total 38400K, used 5088K [0x0000000795580000, 0x0000000798000000, 0x00000007c0000000)
  eden space 33280K, 0% used [0x0000000795580000,0x0000000795580000,0x0000000797600000)
  from space 5120K, 99% used [0x0000000797600000,0x0000000797af8020,0x0000000797b00000)
  to   space 5120K, 0% used [0x0000000797b00000,0x0000000797b00000,0x0000000798000000)
 ParOldGen       total 87552K, used 4857K [0x0000000740000000, 0x0000000745580000, 0x0000000795580000)
  object space 87552K, 5% used [0x0000000740000000,0x00000007404be578,0x0000000745580000)
 Metaspace       used 14977K, capacity 15192K, committed 15360K, reserved 1062912K
  class space    used 1835K, capacity 1940K, committed 2048K, reserved 1048576K
}
Event: 3.752 GC heap before
{Heap before GC invocations=4 (full 0):
 PSYoungGen      total 38400K, used 38368K [0x0000000795580000, 0x0000000798000000, 0x00000007c0000000)
  eden space 33280K, 100% used [0x0000000795580000,0x0000000797600000,0x0000000797600000)
  from space 5120K, 99% used [0x0000000797600000,0x0000000797af8020,0x0000000797b00000)
  to   space 5120K, 0% used [0x0000000797b00000,0x0000000797b00000,0x0000000798000000)
 ParOldGen       total 87552K, used 4857K [0x0000000740000000, 0x0000000745580000, 0x0000000795580000)
  object space 87552K, 5% used [0x0000000740000000,0x00000007404be578,0x0000000745580000)
 Metaspace       used 15850K, capacity 16176K, committed 16384K, reserved 1062912K
  class space    used 1918K, capacity 2012K, committed 2048K, reserved 1048576K
Event: 3.762 GC heap after
Heap after GC invocations=4 (full 0):
 PSYoungGen      total 38400K, used 5088K [0x0000000795580000, 0x000000079a080000, 0x00000007c0000000)
  eden space 33280K, 0% used [0x0000000795580000,0x0000000795580000,0x0000000797600000)
  from space 5120K, 99% used [0x0000000797b00000,0x0000000797ff8020,0x0000000798000000)
  to   space 5120K, 0% used [0x0000000797600000,0x0000000797600000,0x0000000797b00000)
 ParOldGen       total 87552K, used 7090K [0x0000000740000000, 0x0000000745580000, 0x0000000795580000)
  object space 87552K, 8% used [0x0000000740000000,0x00000007406ecbb0,0x0000000745580000)
 Metaspace       used 15850K, capacity 16176K, committed 16384K, reserved 1062912K
  class space    used 1918K, capacity 2012K, committed 2048K, reserved 1048576K
}
Event: 4.928 GC heap before
{Heap before GC invocations=5 (full 0):
 PSYoungGen      total 38400K, used 38368K [0x0000000795580000, 0x000000079a080000, 0x00000007c0000000)
  eden space 33280K, 100% used [0x0000000795580000,0x0000000797600000,0x0000000797600000)
  from space 5120K, 99% used [0x0000000797b00000,0x0000000797ff8020,0x0000000798000000)
  to   space 5120K, 0% used [0x0000000797600000,0x0000000797600000,0x0000000797b00000)
 ParOldGen       total 87552K, used 7090K [0x0000000740000000, 0x0000000745580000, 0x0000000795580000)
  object space 87552K, 8% used [0x0000000740000000,0x00000007406ecbb0,0x0000000745580000)
 Metaspace       used 20428K, capacity 20792K, committed 20864K, reserved 1067008K
  class space    used 2493K, capacity 2636K, committed 2688K, reserved 1048576K
Event: 4.949 GC heap after
Heap after GC invocations=5 (full 0):
 PSYoungGen      total 38400K, used 5104K [0x0000000795580000, 0x000000079af80000, 0x00000007c0000000)
  eden space 33280K, 0% used [0x0000000795580000,0x0000000795580000,0x0000000797600000)
  from space 5120K, 99% used [0x0000000797600000,0x0000000797afc010,0x0000000797b00000)
  to   space 12800K, 0% used [0x000000079a300000,0x000000079a300000,0x000000079af80000)
 ParOldGen       total 87552K, used 15032K [0x0000000740000000, 0x0000000745580000, 0x0000000795580000)
  object space 87552K, 17% used [0x0000000740000000,0x0000000740eae0c0,0x0000000745580000)
 Metaspace       used 20428K, capacity 20792K, committed 20864K, reserved 1067008K
  class space    used 2493K, capacity 2636K, committed 2688K, reserved 1048576K
}
Event: 5.282 GC heap before
{Heap before GC invocations=6 (full 0):
 PSYoungGen      total 38400K, used 13070K [0x0000000795580000, 0x000000079af80000, 0x00000007c0000000)
  eden space 33280K, 23% used [0x0000000795580000,0x0000000795d47b70,0x0000000797600000)
  from space 5120K, 99% used [0x0000000797600000,0x0000000797afc010,0x0000000797b00000)
  to   space 12800K, 0% used [0x000000079a300000,0x000000079a300000,0x000000079af80000)
 ParOldGen       total 87552K, used 15032K [0x0000000740000000, 0x0000000745580000, 0x0000000795580000)
  object space 87552K, 17% used [0x0000000740000000,0x0000000740eae0c0,0x0000000745580000)
 Metaspace       used 20869K, capacity 21208K, committed 21296K, reserved 1069056K
  class space    used 2530K, capacity 2668K, committed 2688K, reserved 1048576K
Event: 5.306 GC heap after
Heap after GC invocations=6 (full 0):
 PSYoungGen      total 79360K, used 6091K [0x0000000795580000, 0x000000079af80000, 0x00000007c0000000)
  eden space 66560K, 0% used [0x0000000795580000,0x0000000795580000,0x0000000799680000)
  from space 12800K, 47% used [0x000000079a300000,0x000000079a8f2c68,0x000000079af80000)
  to   space 12800K, 0% used [0x0000000799680000,0x0000000799680000,0x000000079a300000)
 ParOldGen       total 87552K, used 15032K [0x0000000740000000, 0x0000000745580000, 0x0000000795580000)
  object space 87552K, 17% used [0x0000000740000000,0x0000000740eae0c0,0x0000000745580000)
 Metaspace       used 20869K, capacity 21208K, committed 21296K, reserved 1069056K
  class space    used 2530K, capacity 2668K, committed 2688K, reserved 1048576K
}
Event: 5.306 GC heap before
{Heap before GC invocations=7 (full 1):
 PSYoungGen      total 79360K, used 6091K [0x0000000795580000, 0x000000079af80000, 0x00000007c0000000)
  eden space 66560K, 0% used [0x0000000795580000,0x0000000795580000,0x0000000799680000)
  from space 12800K, 47% used [0x000000079a300000,0x000000079a8f2c68,0x000000079af80000)
  to   space 12800K, 0% used [0x0000000799680000,0x0000000799680000,0x000000079a300000)
 ParOldGen       total 87552K, used 15032K [0x0000000740000000, 0x0000000745580000, 0x0000000795580000)
  object space 87552K, 17% used [0x0000000740000000,0x0000000740eae0c0,0x0000000745580000)
 Metaspace       used 20869K, capacity 21208K, committed 21296K, reserved 1069056K
  class space    used 2530K, capacity 2668K, committed 2688K, reserved 1048576K
Event: 5.419 GC heap after
Heap after GC invocations=7 (full 1):
 PSYoungGen      total 79360K, used 0K [0x0000000795580000, 0x000000079af80000, 0x00000007c0000000)
  eden space 66560K, 0% used [0x0000000795580000,0x0000000795580000,0x0000000799680000)
  from space 12800K, 0% used [0x000000079a300000,0x000000079a300000,0x000000079af80000)
  to   space 12800K, 0% used [0x0000000799680000,0x0000000799680000,0x000000079a300000)
 ParOldGen       total 71168K, used 15167K [0x0000000740000000, 0x0000000744580000, 0x0000000795580000)
  object space 71168K, 21% used [0x0000000740000000,0x0000000740ecff58,0x0000000744580000)
 Metaspace       used 20869K, capacity 21208K, committed 21296K, reserved 1069056K
  class space    used 2530K, capacity 2668K, committed 2688K, reserved 1048576K
}

